This file contains any messages produced by compilers while
running configure, to aid debugging if configure makes a mistake.

It was created by libfyaml configure 0.7.12, which was
generated by GNU Autoconf 2.71.  Invocation command line was

  $ ./configure

## --------- ##
## Platform. ##
## --------- ##

hostname = Kevins-Mac-Studio.local
uname -m = arm64
uname -r = 22.2.0
uname -s = Darwin
uname -v = Darwin Kernel Version 22.2.0: Fri Nov 11 02:03:51 PST 2022; root:xnu-8792.61.2~4/RELEASE_ARM64_T6000

/usr/bin/uname -p = arm
/bin/uname -X     = unknown

/bin/arch              = unknown
/usr/bin/arch -k       = unknown
/usr/convex/getsysinfo = unknown
/usr/bin/hostinfo      = Mach kernel version:
	 Darwin Kernel Version 22.2.0: Fri Nov 11 02:03:51 PST 2022; root:xnu-8792.61.2~4/RELEASE_ARM64_T6000
Kernel configured for up to 20 processors.
20 processors are physically available.
20 processors are logically available.
Processor type: arm64e (ARM64E)
Processors active: 0 1 2 3 4 5 6 7 8 9 10 11 12 13 14 15 16 17 18 19
Primary memory available: 64.00 gigabytes
Default processor set: 880 tasks, 4545 threads, 20 processors
Load average: 6.39, Mach factor: 13.61
/bin/machine           = unknown
/usr/bin/oslevel       = unknown
/bin/universe          = unknown

PATH: /Users/kdubb/.pyenv/shims/
PATH: /Users/kdubb/.krew/bin/
PATH: /Users/kdubb/.jbang/bin/
PATH: /Applications/Sublime Text.app/Contents/SharedSupport/bin/
PATH: /opt/homebrew/bin/
PATH: /opt/homebrew/sbin/
PATH: /usr/local/bin/
PATH: /System/Cryptexes/App/usr/bin/
PATH: /usr/bin/
PATH: /bin/
PATH: /usr/sbin/
PATH: /sbin/
PATH: /usr/local/MacGPG2/bin/
PATH: /Library/Apple/usr/bin/
PATH: /Users/kdubb/Library/Application Support/JetBrains/Toolbox/scripts/


## ----------- ##
## Core tests. ##
## ----------- ##

configure:3023: looking for aux files: tap-driver.sh ltmain.sh config.guess config.sub ar-lib compile missing install-sh
configure:3036:  trying ./build-aux/
configure:3065:   ./build-aux/tap-driver.sh found
configure:3065:   ./build-aux/ltmain.sh found
configure:3065:   ./build-aux/config.guess found
configure:3065:   ./build-aux/config.sub found
configure:3065:   ./build-aux/ar-lib found
configure:3065:   ./build-aux/compile found
configure:3065:   ./build-aux/missing found
configure:3047:   ./build-aux/install-sh found
configure:3200: checking for a BSD-compatible install
configure:3273: result: /usr/bin/install -c
configure:3284: checking whether build environment is sane
configure:3339: result: yes
configure:3498: checking for a race-free mkdir -p
configure:3542: result: ./build-aux/install-sh -c -d
configure:3549: checking for gawk
configure:3584: result: no
configure:3549: checking for mawk
configure:3584: result: no
configure:3549: checking for nawk
configure:3584: result: no
configure:3549: checking for awk
configure:3570: found /usr/bin/awk
configure:3581: result: awk
configure:3592: checking whether make sets $(MAKE)
configure:3615: result: yes
configure:3645: checking whether make supports nested variables
configure:3663: result: yes
configure:3861: checking whether to enable debugging
configure:3926: result: no
configure:4025: checking for gcc
configure:4046: found /usr/bin/gcc
configure:4057: result: gcc
configure:4410: checking for C compiler version
configure:4419: gcc --version >&5
Apple clang version 14.0.0 (clang-1400.0.29.202)
Target: arm64-apple-darwin22.2.0
Thread model: posix
InstalledDir: /Applications/Xcode.app/Contents/Developer/Toolchains/XcodeDefault.xctoolchain/usr/bin
configure:4430: $? = 0
configure:4419: gcc -v >&5
Apple clang version 14.0.0 (clang-1400.0.29.202)
Target: arm64-apple-darwin22.2.0
Thread model: posix
InstalledDir: /Applications/Xcode.app/Contents/Developer/Toolchains/XcodeDefault.xctoolchain/usr/bin
configure:4430: $? = 0
configure:4419: gcc -V >&5
clang: error: argument to '-V' is missing (expected 1 value)
clang: error: no input files
configure:4430: $? = 1
configure:4419: gcc -qversion >&5
clang: error: unknown argument '-qversion'; did you mean '--version'?
clang: error: no input files
configure:4430: $? = 1
configure:4419: gcc -version >&5
clang: error: unknown argument '-version'; did you mean '--version'?
clang: error: no input files
configure:4430: $? = 1
configure:4450: checking whether the C compiler works
configure:4472: gcc    conftest.c  >&5
configure:4476: $? = 0
configure:4526: result: yes
configure:4529: checking for C compiler default output file name
configure:4531: result: a.out
configure:4537: checking for suffix of executables
configure:4544: gcc -o conftest    conftest.c  >&5
configure:4548: $? = 0
configure:4571: result: 
configure:4593: checking whether we are cross compiling
configure:4601: gcc -o conftest    conftest.c  >&5
configure:4605: $? = 0
configure:4612: ./conftest
configure:4616: $? = 0
configure:4631: result: no
configure:4636: checking for suffix of object files
configure:4659: gcc -c   conftest.c >&5
configure:4663: $? = 0
configure:4685: result: o
configure:4689: checking whether the compiler supports GNU C
configure:4709: gcc -c   conftest.c >&5
configure:4709: $? = 0
configure:4719: result: yes
configure:4730: checking whether gcc accepts -g
configure:4751: gcc -c -g  conftest.c >&5
configure:4751: $? = 0
configure:4795: result: yes
configure:4815: checking for gcc option to enable C11 features
configure:4830: gcc  -c   conftest.c >&5
configure:4830: $? = 0
configure:4848: result: none needed
configure:4964: checking whether gcc understands -c and -o together
configure:4987: gcc -c conftest.c -o conftest2.o
configure:4990: $? = 0
configure:4987: gcc -c conftest.c -o conftest2.o
configure:4990: $? = 0
configure:5002: result: yes
configure:5022: checking whether make supports the include directive
configure:5037: make -f confmf.GNU && cat confinc.out
this is the am__doit target
configure:5040: $? = 0
configure:5059: result: yes (GNU style)
configure:5085: checking dependency style of gcc
configure:5197: result: gcc3
configure:5221: checking how to run the C preprocessor
configure:5247: gcc -E  conftest.c
configure:5247: $? = 0
configure:5262: gcc -E  conftest.c
conftest.c:12:10: fatal error: 'ac_nonexistent.h' file not found
#include <ac_nonexistent.h>
         ^~~~~~~~~~~~~~~~~~
1 error generated.
configure:5262: $? = 1
configure: failed program was:
| /* confdefs.h */
| #define PACKAGE_NAME "libfyaml"
| #define PACKAGE_TARNAME "libfyaml"
| #define PACKAGE_VERSION "0.7.12"
| #define PACKAGE_STRING "libfyaml 0.7.12"
| #define PACKAGE_BUGREPORT "pantelis.antoniou@konsulko.com"
| #define PACKAGE_URL ""
| #define PACKAGE "libfyaml"
| #define VERSION "0.7.12"
| #define NDEBUG 1
| /* end confdefs.h.  */
| #include <ac_nonexistent.h>
configure:5289: result: gcc -E
configure:5303: gcc -E  conftest.c
configure:5303: $? = 0
configure:5318: gcc -E  conftest.c
conftest.c:12:10: fatal error: 'ac_nonexistent.h' file not found
#include <ac_nonexistent.h>
         ^~~~~~~~~~~~~~~~~~
1 error generated.
configure:5318: $? = 1
configure: failed program was:
| /* confdefs.h */
| #define PACKAGE_NAME "libfyaml"
| #define PACKAGE_TARNAME "libfyaml"
| #define PACKAGE_VERSION "0.7.12"
| #define PACKAGE_STRING "libfyaml 0.7.12"
| #define PACKAGE_BUGREPORT "pantelis.antoniou@konsulko.com"
| #define PACKAGE_URL ""
| #define PACKAGE "libfyaml"
| #define VERSION "0.7.12"
| #define NDEBUG 1
| /* end confdefs.h.  */
| #include <ac_nonexistent.h>
configure:5349: checking for grep that handles long lines and -e
configure:5413: result: /usr/bin/grep
configure:5418: checking for egrep
configure:5486: result: /usr/bin/grep -E
configure:5492: checking whether gcc needs -traditional
conftest.c:12:10: fatal error: 'termio.h' file not found
#include <termio.h>
         ^~~~~~~~~~
1 error generated.
configure:5529: result: no
configure:5540: checking for stdio.h
configure:5540: gcc -c   conftest.c >&5
configure:5540: $? = 0
configure:5540: result: yes
configure:5540: checking for stdlib.h
configure:5540: gcc -c   conftest.c >&5
configure:5540: $? = 0
configure:5540: result: yes
configure:5540: checking for string.h
configure:5540: gcc -c   conftest.c >&5
configure:5540: $? = 0
configure:5540: result: yes
configure:5540: checking for inttypes.h
configure:5540: gcc -c   conftest.c >&5
configure:5540: $? = 0
configure:5540: result: yes
configure:5540: checking for stdint.h
configure:5540: gcc -c   conftest.c >&5
configure:5540: $? = 0
configure:5540: result: yes
configure:5540: checking for strings.h
configure:5540: gcc -c   conftest.c >&5
configure:5540: $? = 0
configure:5540: result: yes
configure:5540: checking for sys/stat.h
configure:5540: gcc -c   conftest.c >&5
configure:5540: $? = 0
configure:5540: result: yes
configure:5540: checking for sys/types.h
configure:5540: gcc -c   conftest.c >&5
configure:5540: $? = 0
configure:5540: result: yes
configure:5540: checking for unistd.h
configure:5540: gcc -c   conftest.c >&5
configure:5540: $? = 0
configure:5540: result: yes
configure:5540: checking for wchar.h
configure:5540: gcc -c   conftest.c >&5
configure:5540: $? = 0
configure:5540: result: yes
configure:5540: checking for minix/config.h
configure:5540: gcc -c   conftest.c >&5
conftest.c:50:10: fatal error: 'minix/config.h' file not found
#include <minix/config.h>
         ^~~~~~~~~~~~~~~~
1 error generated.
configure:5540: $? = 1
configure: failed program was:
| /* confdefs.h */
| #define PACKAGE_NAME "libfyaml"
| #define PACKAGE_TARNAME "libfyaml"
| #define PACKAGE_VERSION "0.7.12"
| #define PACKAGE_STRING "libfyaml 0.7.12"
| #define PACKAGE_BUGREPORT "pantelis.antoniou@konsulko.com"
| #define PACKAGE_URL ""
| #define PACKAGE "libfyaml"
| #define VERSION "0.7.12"
| #define NDEBUG 1
| #define HAVE_STDIO_H 1
| #define HAVE_STDLIB_H 1
| #define HAVE_STRING_H 1
| #define HAVE_INTTYPES_H 1
| #define HAVE_STDINT_H 1
| #define HAVE_STRINGS_H 1
| #define HAVE_SYS_STAT_H 1
| #define HAVE_SYS_TYPES_H 1
| #define HAVE_UNISTD_H 1
| #define HAVE_WCHAR_H 1
| /* end confdefs.h.  */
| #include <stddef.h>
| #ifdef HAVE_STDIO_H
| # include <stdio.h>
| #endif
| #ifdef HAVE_STDLIB_H
| # include <stdlib.h>
| #endif
| #ifdef HAVE_STRING_H
| # include <string.h>
| #endif
| #ifdef HAVE_INTTYPES_H
| # include <inttypes.h>
| #endif
| #ifdef HAVE_STDINT_H
| # include <stdint.h>
| #endif
| #ifdef HAVE_STRINGS_H
| # include <strings.h>
| #endif
| #ifdef HAVE_SYS_TYPES_H
| # include <sys/types.h>
| #endif
| #ifdef HAVE_SYS_STAT_H
| # include <sys/stat.h>
| #endif
| #ifdef HAVE_UNISTD_H
| # include <unistd.h>
| #endif
| #include <minix/config.h>
configure:5540: result: no
configure:5571: checking whether it is safe to define __EXTENSIONS__
configure:5590: gcc -c   conftest.c >&5
configure:5590: $? = 0
configure:5598: result: yes
configure:5601: checking whether _XOPEN_SOURCE should be defined
configure:5623: gcc -c   conftest.c >&5
configure:5623: $? = 0
configure:5650: result: no
configure:5761: checking for ar
configure:5782: found /usr/bin/ar
configure:5793: result: ar
configure:5819: checking the archiver (ar) interface
configure:5836: gcc -c   conftest.c >&5
configure:5836: $? = 0
configure:5839: ar cru libconftest.a conftest.o >&5
configure:5842: $? = 0
configure:5870: result: ar
configure:5960: checking for g++
configure:5981: found /usr/bin/g++
configure:5992: result: g++
configure:6019: checking for C++ compiler version
configure:6028: g++ --version >&5
Apple clang version 14.0.0 (clang-1400.0.29.202)
Target: arm64-apple-darwin22.2.0
Thread model: posix
InstalledDir: /Applications/Xcode.app/Contents/Developer/Toolchains/XcodeDefault.xctoolchain/usr/bin
configure:6039: $? = 0
configure:6028: g++ -v >&5
Apple clang version 14.0.0 (clang-1400.0.29.202)
Target: arm64-apple-darwin22.2.0
Thread model: posix
InstalledDir: /Applications/Xcode.app/Contents/Developer/Toolchains/XcodeDefault.xctoolchain/usr/bin
configure:6039: $? = 0
configure:6028: g++ -V >&5
clang: error: argument to '-V' is missing (expected 1 value)
clang: error: no input files
configure:6039: $? = 1
configure:6028: g++ -qversion >&5
clang: error: unknown argument '-qversion'; did you mean '--version'?
clang: error: no input files
configure:6039: $? = 1
configure:6043: checking whether the compiler supports GNU C++
configure:6063: g++ -c   conftest.cpp >&5
configure:6063: $? = 0
configure:6073: result: yes
configure:6084: checking whether g++ accepts -g
configure:6105: g++ -c -g  conftest.cpp >&5
configure:6105: $? = 0
configure:6149: result: yes
configure:6169: checking for g++ option to enable C++11 features
configure:6184: g++  -c   conftest.cpp >&5
conftest.cpp:85:3: error: "Compiler does not advertise C++11 conformance"
# error "Compiler does not advertise C++11 conformance"
  ^
conftest.cpp:90:3: error: unknown type name 'constexpr'
  constexpr int get_val() { return 20; }
  ^
conftest.cpp:102:17: error: delegating constructors are permitted only in C++11
    delegate(): delegate(2354) {}
                ^~~~~~~~
conftest.cpp:113:26: warning: 'override' keyword is a C++11 extension [-Wc++11-extensions]
    virtual int getval() override final { return this->n * 2; }
                         ^
conftest.cpp:113:35: warning: 'final' keyword is a C++11 extension [-Wc++11-extensions]
    virtual int getval() override final { return this->n * 2; }
                                  ^
conftest.cpp:120:16: warning: defaulted function definitions are a C++11 extension [-Wc++11-extensions]
    nocopy() = default;
               ^
conftest.cpp:121:29: warning: deleted function definitions are a C++11 extension [-Wc++11-extensions]
    nocopy(const nocopy&) = delete;
                            ^
conftest.cpp:122:41: warning: deleted function definitions are a C++11 extension [-Wc++11-extensions]
    nocopy & operator=(const nocopy&) = delete;
                                        ^
conftest.cpp:134:25: warning: 'auto' type specifier is a C++11 extension [-Wc++11-extensions]
  template <typename V> auto sum(V first) -> V
                        ^
conftest.cpp:134:25: error: 'auto' not allowed in function return type
  template <typename V> auto sum(V first) -> V
                        ^~~~
conftest.cpp:134:42: error: expected ';' at end of declaration
  template <typename V> auto sum(V first) -> V
                                         ^
                                         ;
conftest.cpp:134:43: error: cannot use arrow operator on a type
  template <typename V> auto sum(V first) -> V
                                          ^
conftest.cpp:138:33: warning: variadic templates are a C++11 extension [-Wc++11-extensions]
  template <typename V, typename... Args> auto sum(V first, Args... rest) -> V
                                ^
conftest.cpp:138:43: warning: 'auto' type specifier is a C++11 extension [-Wc++11-extensions]
  template <typename V, typename... Args> auto sum(V first, Args... rest) -> V
                                          ^
conftest.cpp:138:43: error: 'auto' not allowed in function return type
  template <typename V, typename... Args> auto sum(V first, Args... rest) -> V
                                          ^~~~
conftest.cpp:138:74: error: expected ';' at end of declaration
  template <typename V, typename... Args> auto sum(V first, Args... rest) -> V
                                                                         ^
                                                                         ;
conftest.cpp:138:75: error: cannot use arrow operator on a type
  template <typename V, typename... Args> auto sum(V first, Args... rest) -> V
                                                                          ^
conftest.cpp:162:3: warning: 'auto' type specifier is a C++11 extension [-Wc++11-extensions]
  auto a1 = 6538;
  ^
conftest.cpp:163:3: warning: 'auto' type specifier is a C++11 extension [-Wc++11-extensions]
  auto a2 = 48573953.4;
  ^
conftest.cpp:164:3: warning: 'auto' type specifier is a C++11 extension [-Wc++11-extensions]
  auto a3 = "String literal";
  ^
conftest.cpp:167:8: warning: 'auto' type specifier is a C++11 extension [-Wc++11-extensions]
  for (auto i = a3; *i; ++i) { total += *i; }
       ^
conftest.cpp:183:8: warning: 'auto' type specifier is a C++11 extension [-Wc++11-extensions]
  for (auto &x : array) { x += 23; }
       ^
conftest.cpp:183:16: warning: range-based for loop is a C++11 extension [-Wc++11-extensions]
  for (auto &x : array) { x += 23; }
               ^
conftest.cpp:188:17: error: expected expression
  assert (eval ([](int x) { return x*2; }, 21) == 42);
                ^
conftest.cpp:190:17: error: expected expression
  assert (eval ([&](double x) { return d += x; }, 3.0) == 5.0);
                ^
conftest.cpp:192:17: error: expected expression
  assert (eval ([=](double x) mutable { return d += x; }, 4.0) == 9.0);
                ^
conftest.cpp:198:3: warning: 'auto' type specifier is a C++11 extension [-Wc++11-extensions]
  auto a = sum(1);
  ^
conftest.cpp:198:12: error: no matching function for call to 'sum'
  auto a = sum(1);
           ^~~
conftest.cpp:199:3: warning: 'auto' type specifier is a C++11 extension [-Wc++11-extensions]
  auto b = sum(1, 2);
  ^
conftest.cpp:199:12: error: no matching function for call to 'sum'
  auto b = sum(1, 2);
           ^~~
conftest.cpp:200:3: warning: 'auto' type specifier is a C++11 extension [-Wc++11-extensions]
  auto c = sum(1.0, 2.0, 3.0);
  ^
conftest.cpp:200:12: error: no matching function for call to 'sum'
  auto c = sum(1.0, 2.0, 3.0);
           ^~~
conftest.cpp:205:25: warning: empty parentheses interpreted as a function declaration [-Wvexing-parse]
  cxx11test::delegate d2();
                        ^~
conftest.cpp:205:25: note: remove parentheses to declare a variable
  cxx11test::delegate d2();
                        ^~
conftest.cpp:218:16: error: found '<::' after a template name which forms the digraph '<:' (aka '[') and a ':', did you mean '< ::'?
  test_template<::test_template<int>> v(test_template<int>(12));
               ^~~
               < ::
conftest.cpp:218:36: error: a space is required between consecutive right angle brackets (use '> >')
  test_template<::test_template<int>> v(test_template<int>(12));
                                   ^~
                                   > >
conftest.cpp:222:22: error: use of undeclared identifier 'u8'
  char const *utf8 = u8"UTF-8 string \u2500";
                     ^
conftest.cpp:222:24: error: expected ';' at end of declaration
  char const *utf8 = u8"UTF-8 string \u2500";
                       ^
                       ;
fatal error: too many errors emitted, stopping now [-ferror-limit=]
18 warnings and 20 errors generated.
configure:6184: $? = 1
configure: failed program was:
| /* confdefs.h */
| #define PACKAGE_NAME "libfyaml"
| #define PACKAGE_TARNAME "libfyaml"
| #define PACKAGE_VERSION "0.7.12"
| #define PACKAGE_STRING "libfyaml 0.7.12"
| #define PACKAGE_BUGREPORT "pantelis.antoniou@konsulko.com"
| #define PACKAGE_URL ""
| #define PACKAGE "libfyaml"
| #define VERSION "0.7.12"
| #define NDEBUG 1
| #define HAVE_STDIO_H 1
| #define HAVE_STDLIB_H 1
| #define HAVE_STRING_H 1
| #define HAVE_INTTYPES_H 1
| #define HAVE_STDINT_H 1
| #define HAVE_STRINGS_H 1
| #define HAVE_SYS_STAT_H 1
| #define HAVE_SYS_TYPES_H 1
| #define HAVE_UNISTD_H 1
| #define HAVE_WCHAR_H 1
| #define STDC_HEADERS 1
| #define _ALL_SOURCE 1
| #define _DARWIN_C_SOURCE 1
| #define _GNU_SOURCE 1
| #define _HPUX_ALT_XOPEN_SOCKET_API 1
| #define _NETBSD_SOURCE 1
| #define _OPENBSD_SOURCE 1
| #define _POSIX_PTHREAD_SEMANTICS 1
| #define __STDC_WANT_IEC_60559_ATTRIBS_EXT__ 1
| #define __STDC_WANT_IEC_60559_BFP_EXT__ 1
| #define __STDC_WANT_IEC_60559_DFP_EXT__ 1
| #define __STDC_WANT_IEC_60559_FUNCS_EXT__ 1
| #define __STDC_WANT_IEC_60559_TYPES_EXT__ 1
| #define __STDC_WANT_LIB_EXT2__ 1
| #define __STDC_WANT_MATH_SPEC_FUNCS__ 1
| #define _TANDEM_SOURCE 1
| #define __EXTENSIONS__ 1
| /* end confdefs.h.  */
| 
| // Does the compiler advertise C++98 conformance?
| #if !defined __cplusplus || __cplusplus < 199711L
| # error "Compiler does not advertise C++98 conformance"
| #endif
| 
| // These inclusions are to reject old compilers that
| // lack the unsuffixed header files.
| #include <cstdlib>
| #include <exception>
| 
| // <cassert> and <cstring> are *not* freestanding headers in C++98.
| extern void assert (int);
| namespace std {
|   extern int strcmp (const char *, const char *);
| }
| 
| // Namespaces, exceptions, and templates were all added after "C++ 2.0".
| using std::exception;
| using std::strcmp;
| 
| namespace {
| 
| void test_exception_syntax()
| {
|   try {
|     throw "test";
|   } catch (const char *s) {
|     // Extra parentheses suppress a warning when building autoconf itself,
|     // due to lint rules shared with more typical C programs.
|     assert (!(strcmp) (s, "test"));
|   }
| }
| 
| template <typename T> struct test_template
| {
|   T const val;
|   explicit test_template(T t) : val(t) {}
|   template <typename U> T add(U u) { return static_cast<T>(u) + val; }
| };
| 
| } // anonymous namespace
| 
| 
| // Does the compiler advertise C++ 2011 conformance?
| #if !defined __cplusplus || __cplusplus < 201103L
| # error "Compiler does not advertise C++11 conformance"
| #endif
| 
| namespace cxx11test
| {
|   constexpr int get_val() { return 20; }
| 
|   struct testinit
|   {
|     int i;
|     double d;
|   };
| 
|   class delegate
|   {
|   public:
|     delegate(int n) : n(n) {}
|     delegate(): delegate(2354) {}
| 
|     virtual int getval() { return this->n; };
|   protected:
|     int n;
|   };
| 
|   class overridden : public delegate
|   {
|   public:
|     overridden(int n): delegate(n) {}
|     virtual int getval() override final { return this->n * 2; }
|   };
| 
|   class nocopy
|   {
|   public:
|     nocopy(int i): i(i) {}
|     nocopy() = default;
|     nocopy(const nocopy&) = delete;
|     nocopy & operator=(const nocopy&) = delete;
|   private:
|     int i;
|   };
| 
|   // for testing lambda expressions
|   template <typename Ret, typename Fn> Ret eval(Fn f, Ret v)
|   {
|     return f(v);
|   }
| 
|   // for testing variadic templates and trailing return types
|   template <typename V> auto sum(V first) -> V
|   {
|     return first;
|   }
|   template <typename V, typename... Args> auto sum(V first, Args... rest) -> V
|   {
|     return first + sum(rest...);
|   }
| }
| 
| 
| int
| main (int argc, char **argv)
| {
|   int ok = 0;
|   
|   assert (argc);
|   assert (! argv[0]);
| {
|   test_exception_syntax ();
|   test_template<double> tt (2.0);
|   assert (tt.add (4) == 6.0);
|   assert (true && !false);
| }
| 
|   
| {
|   // Test auto and decltype
|   auto a1 = 6538;
|   auto a2 = 48573953.4;
|   auto a3 = "String literal";
| 
|   int total = 0;
|   for (auto i = a3; *i; ++i) { total += *i; }
| 
|   decltype(a2) a4 = 34895.034;
| }
| {
|   // Test constexpr
|   short sa[cxx11test::get_val()] = { 0 };
| }
| {
|   // Test initializer lists
|   cxx11test::testinit il = { 4323, 435234.23544 };
| }
| {
|   // Test range-based for
|   int array[] = {9, 7, 13, 15, 4, 18, 12, 10, 5, 3,
|                  14, 19, 17, 8, 6, 20, 16, 2, 11, 1};
|   for (auto &x : array) { x += 23; }
| }
| {
|   // Test lambda expressions
|   using cxx11test::eval;
|   assert (eval ([](int x) { return x*2; }, 21) == 42);
|   double d = 2.0;
|   assert (eval ([&](double x) { return d += x; }, 3.0) == 5.0);
|   assert (d == 5.0);
|   assert (eval ([=](double x) mutable { return d += x; }, 4.0) == 9.0);
|   assert (d == 5.0);
| }
| {
|   // Test use of variadic templates
|   using cxx11test::sum;
|   auto a = sum(1);
|   auto b = sum(1, 2);
|   auto c = sum(1.0, 2.0, 3.0);
| }
| {
|   // Test constructor delegation
|   cxx11test::delegate d1;
|   cxx11test::delegate d2();
|   cxx11test::delegate d3(45);
| }
| {
|   // Test override and final
|   cxx11test::overridden o1(55464);
| }
| {
|   // Test nullptr
|   char *c = nullptr;
| }
| {
|   // Test template brackets
|   test_template<::test_template<int>> v(test_template<int>(12));
| }
| {
|   // Unicode literals
|   char const *utf8 = u8"UTF-8 string \u2500";
|   char16_t const *utf16 = u"UTF-8 string \u2500";
|   char32_t const *utf32 = U"UTF-32 string \u2500";
| }
| 
|   return ok;
| }
| 
configure:6202: result: none needed
configure:6268: checking dependency style of g++
configure:6380: result: gcc3
configure:6399: checking for gawk
configure:6431: result: awk
configure:6442: checking whether ln -s works
configure:6446: result: yes
configure:6460: checking build system type
configure:6475: result: aarch64-apple-darwin22.2.0
configure:6495: checking host system type
configure:6509: result: aarch64-apple-darwin22.2.0
configure:6645: checking whether pthreads work with -pthread
configure:6738: gcc -o conftest  -pthread   conftest.c   >&5
configure:6738: $? = 0
configure:6748: result: yes
configure:6767: checking for joinable pthread attribute
configure:6782: gcc -o conftest  -pthread   conftest.c   >&5
configure:6782: $? = 0
configure:6789: result: PTHREAD_CREATE_JOINABLE
configure:6797: checking if more special flags are required for pthreads
configure:6811: result: -D_THREAD_SAFE
configure:6817: checking for PTHREAD_PRIO_INHERIT
configure:6836: gcc -o conftest  -pthread   conftest.c   >&5
configure:6836: $? = 0
configure:6846: result: yes
configure:6955: checking for m4
configure:6978: found /usr/bin/m4
configure:6991: result: /usr/bin/m4
configure:7066: checking for pkg-config
configure:7089: found /opt/homebrew/bin/pkg-config
configure:7101: result: /opt/homebrew/bin/pkg-config
configure:7126: checking pkg-config is at least version 0.9.0
configure:7129: result: yes
configure:7609: checking how to print strings
configure:7636: result: printf
configure:7657: checking for a sed that does not truncate output
configure:7727: result: /usr/bin/sed
configure:7745: checking for fgrep
configure:7813: result: /usr/bin/grep -F
configure:7849: checking for ld used by gcc
configure:7917: result: /Applications/Xcode.app/Contents/Developer/Toolchains/XcodeDefault.xctoolchain/usr/bin/ld
configure:7924: checking if the linker (/Applications/Xcode.app/Contents/Developer/Toolchains/XcodeDefault.xctoolchain/usr/bin/ld) is GNU ld
configure:7940: result: no
configure:7952: checking for BSD- or MS-compatible name lister (nm)
configure:8007: result: /usr/bin/nm -B
configure:8147: checking the name lister (/usr/bin/nm -B) interface
configure:8155: gcc -c   conftest.c >&5
configure:8158: /usr/bin/nm -B "conftest.o"
configure:8161: output
0000000000000000 S _some_variable
0000000000000000 t ltmp0
0000000000000000 s ltmp1
configure:8168: result: BSD nm
configure:8172: checking the maximum length of command line arguments
configure:8304: result: 786432
configure:8352: checking how to convert aarch64-apple-darwin22.2.0 file names to aarch64-apple-darwin22.2.0 format
configure:8393: result: func_convert_file_noop
configure:8400: checking how to convert aarch64-apple-darwin22.2.0 file names to toolchain format
configure:8421: result: func_convert_file_noop
configure:8428: checking for /Applications/Xcode.app/Contents/Developer/Toolchains/XcodeDefault.xctoolchain/usr/bin/ld option to reload object files
configure:8436: result: -r
configure:8515: checking for file
configure:8536: found /usr/bin/file
configure:8547: result: file
configure:8623: checking for objdump
configure:8655: result: objdump
configure:8684: checking how to recognize dependent libraries
configure:8885: result: pass_all
configure:8975: checking for dlltool
configure:9007: result: dlltool
configure:9037: checking how to associate runtime and link libraries
configure:9065: result: printf %s\n
configure:9215: checking for archiver @FILE support
configure:9233: gcc -c   conftest.c >&5
configure:9233: $? = 0
configure:9237: ar cr libconftest.a @conftest.lst >&5
ar: @conftest.lst: No such file or directory
configure:9240: $? = 1
configure:9260: result: no
configure:9323: checking for strip
configure:9344: found /usr/bin/strip
configure:9355: result: strip
configure:9432: checking for ranlib
configure:9453: found /usr/bin/ranlib
configure:9464: result: ranlib
configure:9566: checking command to parse /usr/bin/nm -B output from gcc object
configure:9720: gcc -c   conftest.c >&5
configure:9723: $? = 0
configure:9727: /usr/bin/nm -B conftest.o \| /usr/bin/sed -n -e 's/^.*[ ]\([ABCDGIRSTW][ABCDGIRSTW]*\)[ ][ ]*\([_A-Za-z][_A-Za-z0-9]*\)$/\1 \2 \2/p' | /usr/bin/sed '/ __gnu_lto/d' \> conftest.nm
configure:9730: $? = 0
cannot find nm_test_var in conftest.nm
configure:9720: gcc -c   conftest.c >&5
configure:9723: $? = 0
configure:9727: /usr/bin/nm -B conftest.o \| /usr/bin/sed -n -e 's/^.*[ ]\([ABCDGIRSTW][ABCDGIRSTW]*\)[ ][ ]*_\([_A-Za-z][_A-Za-z0-9]*\)$/\1 _\2 \2/p' | /usr/bin/sed '/ __gnu_lto/d' \> conftest.nm
configure:9730: $? = 0
configure:9796: gcc -o conftest    conftest.c conftstm.o >&5
configure:9799: $? = 0
configure:9837: result: ok
configure:9884: checking for sysroot
configure:9915: result: no
configure:9922: checking for a working dd
configure:9966: result: /bin/dd
configure:9970: checking how to truncate binary pipes
configure:9986: result: /bin/dd bs=4096 count=1
configure:10323: checking for mt
configure:10358: result: no
configure:10378: checking if : is a manifest tool
configure:10385: : '-?'
configure:10393: result: no
configure:10454: checking for dsymutil
configure:10475: found /usr/bin/dsymutil
configure:10486: result: dsymutil
configure:10556: checking for nmedit
configure:10577: found /usr/bin/nmedit
configure:10588: result: nmedit
configure:10658: checking for lipo
configure:10679: found /usr/bin/lipo
configure:10690: result: lipo
configure:10760: checking for otool
configure:10781: found /usr/bin/otool
configure:10792: result: otool
configure:10862: checking for otool64
configure:10897: result: no
configure:10942: checking for -single_module linker flag
gcc   -o libconftest.dylib -dynamiclib -Wl,-single_module conftest.c
configure:10976: result: yes
configure:10979: checking for -exported_symbols_list linker flag
configure:11000: gcc -o conftest    -Wl,-exported_symbols_list,conftest.sym conftest.c  >&5
configure:11000: $? = 0
configure:11011: result: yes
configure:11014: checking for -force_load linker flag
gcc  -c -o conftest.o conftest.c
ar cr libconftest.a conftest.o
ranlib libconftest.a
gcc   -o conftest conftest.c -Wl,-force_load,./libconftest.a
configure:11047: result: yes
configure:11114: checking for dlfcn.h
configure:11114: gcc -c   conftest.c >&5
configure:11114: $? = 0
configure:11114: result: yes
configure:11380: checking for objdir
configure:11396: result: .libs
configure:11660: checking if gcc supports -fno-rtti -fno-exceptions
configure:11679: gcc -c   -fno-rtti -fno-exceptions conftest.c >&5
configure:11683: $? = 0
configure:11696: result: yes
configure:12054: checking for gcc option to produce PIC
configure:12062: result: -fno-common -DPIC
configure:12070: checking if gcc PIC flag -fno-common -DPIC works
configure:12089: gcc -c   -fno-common -DPIC -DPIC conftest.c >&5
configure:12093: $? = 0
configure:12106: result: yes
configure:12135: checking if gcc static flag -static works
configure:12164: result: no
configure:12179: checking if gcc supports -c -o file.o
configure:12201: gcc -c   -o out/conftest2.o conftest.c >&5
configure:12205: $? = 0
configure:12227: result: yes
configure:12235: checking if gcc supports -c -o file.o
configure:12283: result: yes
configure:12316: checking whether the gcc linker (/Applications/Xcode.app/Contents/Developer/Toolchains/XcodeDefault.xctoolchain/usr/bin/ld) supports shared libraries
configure:13584: result: yes
configure:13825: checking dynamic linker characteristics
configure:14646: result: darwin22.2.0 dyld
configure:14768: checking how to hardcode library paths into programs
configure:14793: result: immediate
configure:14838: checking for dlopen in -ldl
configure:14861: gcc -o conftest    conftest.c -ldl   >&5
configure:14861: $? = 0
configure:14871: result: yes
configure:15097: checking whether a program can dlopen itself
configure:15178: gcc -o conftest   -DHAVE_DLFCN_H   conftest.c -ldl  >&5
configure:15181: $? = 0
configure:15199: result: yes
configure:15204: checking whether a statically linked program can dlopen itself
configure:15285: gcc -o conftest   -DHAVE_DLFCN_H    conftest.c -ldl  >&5
configure:15288: $? = 0
configure:15306: result: yes
configure:15345: checking whether stripping libraries is possible
configure:15362: result: yes
configure:15396: checking if libtool supports shared libraries
configure:15398: result: yes
configure:15401: checking whether to build shared libraries
configure:15426: result: yes
configure:15429: checking whether to build static libraries
configure:15433: result: yes
configure:15456: checking how to run the C++ preprocessor
configure:15478: g++ -E  conftest.cpp
configure:15478: $? = 0
configure:15493: g++ -E  conftest.cpp
conftest.cpp:43:10: fatal error: 'ac_nonexistent.h' file not found
#include <ac_nonexistent.h>
         ^~~~~~~~~~~~~~~~~~
1 error generated.
configure:15493: $? = 1
configure: failed program was:
| /* confdefs.h */
| #define PACKAGE_NAME "libfyaml"
| #define PACKAGE_TARNAME "libfyaml"
| #define PACKAGE_VERSION "0.7.12"
| #define PACKAGE_STRING "libfyaml 0.7.12"
| #define PACKAGE_BUGREPORT "pantelis.antoniou@konsulko.com"
| #define PACKAGE_URL ""
| #define PACKAGE "libfyaml"
| #define VERSION "0.7.12"
| #define NDEBUG 1
| #define HAVE_STDIO_H 1
| #define HAVE_STDLIB_H 1
| #define HAVE_STRING_H 1
| #define HAVE_INTTYPES_H 1
| #define HAVE_STDINT_H 1
| #define HAVE_STRINGS_H 1
| #define HAVE_SYS_STAT_H 1
| #define HAVE_SYS_TYPES_H 1
| #define HAVE_UNISTD_H 1
| #define HAVE_WCHAR_H 1
| #define STDC_HEADERS 1
| #define _ALL_SOURCE 1
| #define _DARWIN_C_SOURCE 1
| #define _GNU_SOURCE 1
| #define _HPUX_ALT_XOPEN_SOCKET_API 1
| #define _NETBSD_SOURCE 1
| #define _OPENBSD_SOURCE 1
| #define _POSIX_PTHREAD_SEMANTICS 1
| #define __STDC_WANT_IEC_60559_ATTRIBS_EXT__ 1
| #define __STDC_WANT_IEC_60559_BFP_EXT__ 1
| #define __STDC_WANT_IEC_60559_DFP_EXT__ 1
| #define __STDC_WANT_IEC_60559_FUNCS_EXT__ 1
| #define __STDC_WANT_IEC_60559_TYPES_EXT__ 1
| #define __STDC_WANT_LIB_EXT2__ 1
| #define __STDC_WANT_MATH_SPEC_FUNCS__ 1
| #define _TANDEM_SOURCE 1
| #define __EXTENSIONS__ 1
| #define HAVE_PTHREAD_PRIO_INHERIT 1
| #define HAVE_PTHREAD 1
| #define HAVE_DLFCN_H 1
| #define LT_OBJDIR ".libs/"
| /* end confdefs.h.  */
| #include <ac_nonexistent.h>
configure:15520: result: g++ -E
configure:15534: g++ -E  conftest.cpp
configure:15534: $? = 0
configure:15549: g++ -E  conftest.cpp
conftest.cpp:43:10: fatal error: 'ac_nonexistent.h' file not found
#include <ac_nonexistent.h>
         ^~~~~~~~~~~~~~~~~~
1 error generated.
configure:15549: $? = 1
configure: failed program was:
| /* confdefs.h */
| #define PACKAGE_NAME "libfyaml"
| #define PACKAGE_TARNAME "libfyaml"
| #define PACKAGE_VERSION "0.7.12"
| #define PACKAGE_STRING "libfyaml 0.7.12"
| #define PACKAGE_BUGREPORT "pantelis.antoniou@konsulko.com"
| #define PACKAGE_URL ""
| #define PACKAGE "libfyaml"
| #define VERSION "0.7.12"
| #define NDEBUG 1
| #define HAVE_STDIO_H 1
| #define HAVE_STDLIB_H 1
| #define HAVE_STRING_H 1
| #define HAVE_INTTYPES_H 1
| #define HAVE_STDINT_H 1
| #define HAVE_STRINGS_H 1
| #define HAVE_SYS_STAT_H 1
| #define HAVE_SYS_TYPES_H 1
| #define HAVE_UNISTD_H 1
| #define HAVE_WCHAR_H 1
| #define STDC_HEADERS 1
| #define _ALL_SOURCE 1
| #define _DARWIN_C_SOURCE 1
| #define _GNU_SOURCE 1
| #define _HPUX_ALT_XOPEN_SOCKET_API 1
| #define _NETBSD_SOURCE 1
| #define _OPENBSD_SOURCE 1
| #define _POSIX_PTHREAD_SEMANTICS 1
| #define __STDC_WANT_IEC_60559_ATTRIBS_EXT__ 1
| #define __STDC_WANT_IEC_60559_BFP_EXT__ 1
| #define __STDC_WANT_IEC_60559_DFP_EXT__ 1
| #define __STDC_WANT_IEC_60559_FUNCS_EXT__ 1
| #define __STDC_WANT_IEC_60559_TYPES_EXT__ 1
| #define __STDC_WANT_LIB_EXT2__ 1
| #define __STDC_WANT_MATH_SPEC_FUNCS__ 1
| #define _TANDEM_SOURCE 1
| #define __EXTENSIONS__ 1
| #define HAVE_PTHREAD_PRIO_INHERIT 1
| #define HAVE_PTHREAD 1
| #define HAVE_DLFCN_H 1
| #define LT_OBJDIR ".libs/"
| /* end confdefs.h.  */
| #include <ac_nonexistent.h>
configure:15714: checking for ld used by g++
configure:15782: result: /Applications/Xcode.app/Contents/Developer/Toolchains/XcodeDefault.xctoolchain/usr/bin/ld
configure:15789: checking if the linker (/Applications/Xcode.app/Contents/Developer/Toolchains/XcodeDefault.xctoolchain/usr/bin/ld) is GNU ld
configure:15805: result: no
configure:15860: checking whether the g++ linker (/Applications/Xcode.app/Contents/Developer/Toolchains/XcodeDefault.xctoolchain/usr/bin/ld) supports shared libraries
configure:16938: result: yes
configure:16974: g++ -c   conftest.cpp >&5
configure:16977: $? = 0
configure:17458: checking for g++ option to produce PIC
configure:17466: result: -fno-common -DPIC
configure:17474: checking if g++ PIC flag -fno-common -DPIC works
configure:17493: g++ -c   -fno-common -DPIC -DPIC conftest.cpp >&5
configure:17497: $? = 0
configure:17510: result: yes
configure:17533: checking if g++ static flag -static works
configure:17562: result: no
configure:17574: checking if g++ supports -c -o file.o
configure:17596: g++ -c   -o out/conftest2.o conftest.cpp >&5
configure:17600: $? = 0
configure:17622: result: yes
configure:17627: checking if g++ supports -c -o file.o
configure:17675: result: yes
configure:17705: checking whether the g++ linker (/Applications/Xcode.app/Contents/Developer/Toolchains/XcodeDefault.xctoolchain/usr/bin/ld) supports shared libraries
configure:17745: result: yes
configure:17887: checking dynamic linker characteristics
configure:18635: result: darwin22.2.0 dyld
configure:18700: checking how to hardcode library paths into programs
configure:18725: result: immediate
configure:18796: checking for egrep
configure:18864: result: /usr/bin/grep -E
configure:18870: checking for an ANSI C-conforming const
configure:18937: gcc -c   conftest.c >&5
configure:18937: $? = 0
configure:18945: result: yes
configure:18953: checking whether byte ordering is bigendian
configure:18969: gcc -c   conftest.c >&5
configure:18969: $? = 0
configure:19015: gcc -c   conftest.c >&5
configure:19015: $? = 0
configure:19034: gcc -c   conftest.c >&5
conftest.c:50:4: error: use of undeclared identifier 'not'
                 not big endian
                 ^
1 error generated.
configure:19034: $? = 1
configure: failed program was:
| /* confdefs.h */
| #define PACKAGE_NAME "libfyaml"
| #define PACKAGE_TARNAME "libfyaml"
| #define PACKAGE_VERSION "0.7.12"
| #define PACKAGE_STRING "libfyaml 0.7.12"
| #define PACKAGE_BUGREPORT "pantelis.antoniou@konsulko.com"
| #define PACKAGE_URL ""
| #define PACKAGE "libfyaml"
| #define VERSION "0.7.12"
| #define NDEBUG 1
| #define HAVE_STDIO_H 1
| #define HAVE_STDLIB_H 1
| #define HAVE_STRING_H 1
| #define HAVE_INTTYPES_H 1
| #define HAVE_STDINT_H 1
| #define HAVE_STRINGS_H 1
| #define HAVE_SYS_STAT_H 1
| #define HAVE_SYS_TYPES_H 1
| #define HAVE_UNISTD_H 1
| #define HAVE_WCHAR_H 1
| #define STDC_HEADERS 1
| #define _ALL_SOURCE 1
| #define _DARWIN_C_SOURCE 1
| #define _GNU_SOURCE 1
| #define _HPUX_ALT_XOPEN_SOCKET_API 1
| #define _NETBSD_SOURCE 1
| #define _OPENBSD_SOURCE 1
| #define _POSIX_PTHREAD_SEMANTICS 1
| #define __STDC_WANT_IEC_60559_ATTRIBS_EXT__ 1
| #define __STDC_WANT_IEC_60559_BFP_EXT__ 1
| #define __STDC_WANT_IEC_60559_DFP_EXT__ 1
| #define __STDC_WANT_IEC_60559_FUNCS_EXT__ 1
| #define __STDC_WANT_IEC_60559_TYPES_EXT__ 1
| #define __STDC_WANT_LIB_EXT2__ 1
| #define __STDC_WANT_MATH_SPEC_FUNCS__ 1
| #define _TANDEM_SOURCE 1
| #define __EXTENSIONS__ 1
| #define HAVE_PTHREAD_PRIO_INHERIT 1
| #define HAVE_PTHREAD 1
| #define HAVE_DLFCN_H 1
| #define LT_OBJDIR ".libs/"
| /* end confdefs.h.  */
| #include <sys/types.h>
| 		#include <sys/param.h>
| 
| int
| main (void)
| {
| #if BYTE_ORDER != BIG_ENDIAN
| 		 not big endian
| 		#endif
| 
|   ;
|   return 0;
| }
configure:19168: result: no
configure:19187: checking for pid_t
configure:19187: gcc -c   conftest.c >&5
configure:19187: $? = 0
configure:19187: gcc -c   conftest.c >&5
conftest.c:75:20: error: expected expression
if (sizeof ((pid_t)))
                   ^
1 error generated.
configure:19187: $? = 1
configure: failed program was:
| /* confdefs.h */
| #define PACKAGE_NAME "libfyaml"
| #define PACKAGE_TARNAME "libfyaml"
| #define PACKAGE_VERSION "0.7.12"
| #define PACKAGE_STRING "libfyaml 0.7.12"
| #define PACKAGE_BUGREPORT "pantelis.antoniou@konsulko.com"
| #define PACKAGE_URL ""
| #define PACKAGE "libfyaml"
| #define VERSION "0.7.12"
| #define NDEBUG 1
| #define HAVE_STDIO_H 1
| #define HAVE_STDLIB_H 1
| #define HAVE_STRING_H 1
| #define HAVE_INTTYPES_H 1
| #define HAVE_STDINT_H 1
| #define HAVE_STRINGS_H 1
| #define HAVE_SYS_STAT_H 1
| #define HAVE_SYS_TYPES_H 1
| #define HAVE_UNISTD_H 1
| #define HAVE_WCHAR_H 1
| #define STDC_HEADERS 1
| #define _ALL_SOURCE 1
| #define _DARWIN_C_SOURCE 1
| #define _GNU_SOURCE 1
| #define _HPUX_ALT_XOPEN_SOCKET_API 1
| #define _NETBSD_SOURCE 1
| #define _OPENBSD_SOURCE 1
| #define _POSIX_PTHREAD_SEMANTICS 1
| #define __STDC_WANT_IEC_60559_ATTRIBS_EXT__ 1
| #define __STDC_WANT_IEC_60559_BFP_EXT__ 1
| #define __STDC_WANT_IEC_60559_DFP_EXT__ 1
| #define __STDC_WANT_IEC_60559_FUNCS_EXT__ 1
| #define __STDC_WANT_IEC_60559_TYPES_EXT__ 1
| #define __STDC_WANT_LIB_EXT2__ 1
| #define __STDC_WANT_MATH_SPEC_FUNCS__ 1
| #define _TANDEM_SOURCE 1
| #define __EXTENSIONS__ 1
| #define HAVE_PTHREAD_PRIO_INHERIT 1
| #define HAVE_PTHREAD 1
| #define HAVE_DLFCN_H 1
| #define LT_OBJDIR ".libs/"
| /* end confdefs.h.  */
| #include <stddef.h>
| #ifdef HAVE_STDIO_H
| # include <stdio.h>
| #endif
| #ifdef HAVE_STDLIB_H
| # include <stdlib.h>
| #endif
| #ifdef HAVE_STRING_H
| # include <string.h>
| #endif
| #ifdef HAVE_INTTYPES_H
| # include <inttypes.h>
| #endif
| #ifdef HAVE_STDINT_H
| # include <stdint.h>
| #endif
| #ifdef HAVE_STRINGS_H
| # include <strings.h>
| #endif
| #ifdef HAVE_SYS_TYPES_H
| # include <sys/types.h>
| #endif
| #ifdef HAVE_SYS_STAT_H
| # include <sys/stat.h>
| #endif
| #ifdef HAVE_UNISTD_H
| # include <unistd.h>
| #endif
| 
| int
| main (void)
| {
| if (sizeof ((pid_t)))
| 	    return 0;
|   ;
|   return 0;
| }
configure:19187: result: yes
configure:19223: checking for size_t
configure:19223: gcc -c   conftest.c >&5
configure:19223: $? = 0
configure:19223: gcc -c   conftest.c >&5
conftest.c:74:21: error: expected expression
if (sizeof ((size_t)))
                    ^
1 error generated.
configure:19223: $? = 1
configure: failed program was:
| /* confdefs.h */
| #define PACKAGE_NAME "libfyaml"
| #define PACKAGE_TARNAME "libfyaml"
| #define PACKAGE_VERSION "0.7.12"
| #define PACKAGE_STRING "libfyaml 0.7.12"
| #define PACKAGE_BUGREPORT "pantelis.antoniou@konsulko.com"
| #define PACKAGE_URL ""
| #define PACKAGE "libfyaml"
| #define VERSION "0.7.12"
| #define NDEBUG 1
| #define HAVE_STDIO_H 1
| #define HAVE_STDLIB_H 1
| #define HAVE_STRING_H 1
| #define HAVE_INTTYPES_H 1
| #define HAVE_STDINT_H 1
| #define HAVE_STRINGS_H 1
| #define HAVE_SYS_STAT_H 1
| #define HAVE_SYS_TYPES_H 1
| #define HAVE_UNISTD_H 1
| #define HAVE_WCHAR_H 1
| #define STDC_HEADERS 1
| #define _ALL_SOURCE 1
| #define _DARWIN_C_SOURCE 1
| #define _GNU_SOURCE 1
| #define _HPUX_ALT_XOPEN_SOCKET_API 1
| #define _NETBSD_SOURCE 1
| #define _OPENBSD_SOURCE 1
| #define _POSIX_PTHREAD_SEMANTICS 1
| #define __STDC_WANT_IEC_60559_ATTRIBS_EXT__ 1
| #define __STDC_WANT_IEC_60559_BFP_EXT__ 1
| #define __STDC_WANT_IEC_60559_DFP_EXT__ 1
| #define __STDC_WANT_IEC_60559_FUNCS_EXT__ 1
| #define __STDC_WANT_IEC_60559_TYPES_EXT__ 1
| #define __STDC_WANT_LIB_EXT2__ 1
| #define __STDC_WANT_MATH_SPEC_FUNCS__ 1
| #define _TANDEM_SOURCE 1
| #define __EXTENSIONS__ 1
| #define HAVE_PTHREAD_PRIO_INHERIT 1
| #define HAVE_PTHREAD 1
| #define HAVE_DLFCN_H 1
| #define LT_OBJDIR ".libs/"
| /* end confdefs.h.  */
| #include <stddef.h>
| #ifdef HAVE_STDIO_H
| # include <stdio.h>
| #endif
| #ifdef HAVE_STDLIB_H
| # include <stdlib.h>
| #endif
| #ifdef HAVE_STRING_H
| # include <string.h>
| #endif
| #ifdef HAVE_INTTYPES_H
| # include <inttypes.h>
| #endif
| #ifdef HAVE_STDINT_H
| # include <stdint.h>
| #endif
| #ifdef HAVE_STRINGS_H
| # include <strings.h>
| #endif
| #ifdef HAVE_SYS_TYPES_H
| # include <sys/types.h>
| #endif
| #ifdef HAVE_SYS_STAT_H
| # include <sys/stat.h>
| #endif
| #ifdef HAVE_UNISTD_H
| # include <unistd.h>
| #endif
| int
| main (void)
| {
| if (sizeof ((size_t)))
| 	    return 0;
|   ;
|   return 0;
| }
configure:19223: result: yes
configure:19233: checking for ssize_t
configure:19233: gcc -c   conftest.c >&5
configure:19233: $? = 0
configure:19233: gcc -c   conftest.c >&5
conftest.c:74:22: error: expected expression
if (sizeof ((ssize_t)))
                     ^
1 error generated.
configure:19233: $? = 1
configure: failed program was:
| /* confdefs.h */
| #define PACKAGE_NAME "libfyaml"
| #define PACKAGE_TARNAME "libfyaml"
| #define PACKAGE_VERSION "0.7.12"
| #define PACKAGE_STRING "libfyaml 0.7.12"
| #define PACKAGE_BUGREPORT "pantelis.antoniou@konsulko.com"
| #define PACKAGE_URL ""
| #define PACKAGE "libfyaml"
| #define VERSION "0.7.12"
| #define NDEBUG 1
| #define HAVE_STDIO_H 1
| #define HAVE_STDLIB_H 1
| #define HAVE_STRING_H 1
| #define HAVE_INTTYPES_H 1
| #define HAVE_STDINT_H 1
| #define HAVE_STRINGS_H 1
| #define HAVE_SYS_STAT_H 1
| #define HAVE_SYS_TYPES_H 1
| #define HAVE_UNISTD_H 1
| #define HAVE_WCHAR_H 1
| #define STDC_HEADERS 1
| #define _ALL_SOURCE 1
| #define _DARWIN_C_SOURCE 1
| #define _GNU_SOURCE 1
| #define _HPUX_ALT_XOPEN_SOCKET_API 1
| #define _NETBSD_SOURCE 1
| #define _OPENBSD_SOURCE 1
| #define _POSIX_PTHREAD_SEMANTICS 1
| #define __STDC_WANT_IEC_60559_ATTRIBS_EXT__ 1
| #define __STDC_WANT_IEC_60559_BFP_EXT__ 1
| #define __STDC_WANT_IEC_60559_DFP_EXT__ 1
| #define __STDC_WANT_IEC_60559_FUNCS_EXT__ 1
| #define __STDC_WANT_IEC_60559_TYPES_EXT__ 1
| #define __STDC_WANT_LIB_EXT2__ 1
| #define __STDC_WANT_MATH_SPEC_FUNCS__ 1
| #define _TANDEM_SOURCE 1
| #define __EXTENSIONS__ 1
| #define HAVE_PTHREAD_PRIO_INHERIT 1
| #define HAVE_PTHREAD 1
| #define HAVE_DLFCN_H 1
| #define LT_OBJDIR ".libs/"
| /* end confdefs.h.  */
| #include <stddef.h>
| #ifdef HAVE_STDIO_H
| # include <stdio.h>
| #endif
| #ifdef HAVE_STDLIB_H
| # include <stdlib.h>
| #endif
| #ifdef HAVE_STRING_H
| # include <string.h>
| #endif
| #ifdef HAVE_INTTYPES_H
| # include <inttypes.h>
| #endif
| #ifdef HAVE_STDINT_H
| # include <stdint.h>
| #endif
| #ifdef HAVE_STRINGS_H
| # include <strings.h>
| #endif
| #ifdef HAVE_SYS_TYPES_H
| # include <sys/types.h>
| #endif
| #ifdef HAVE_SYS_STAT_H
| # include <sys/stat.h>
| #endif
| #ifdef HAVE_UNISTD_H
| # include <unistd.h>
| #endif
| int
| main (void)
| {
| if (sizeof ((ssize_t)))
| 	    return 0;
|   ;
|   return 0;
| }
configure:19233: result: yes
configure:19246: checking for off_t
configure:19246: gcc -c   conftest.c >&5
configure:19246: $? = 0
configure:19246: gcc -c   conftest.c >&5
conftest.c:75:20: error: expected expression
if (sizeof ((off_t)))
                   ^
1 error generated.
configure:19246: $? = 1
configure: failed program was:
| /* confdefs.h */
| #define PACKAGE_NAME "libfyaml"
| #define PACKAGE_TARNAME "libfyaml"
| #define PACKAGE_VERSION "0.7.12"
| #define PACKAGE_STRING "libfyaml 0.7.12"
| #define PACKAGE_BUGREPORT "pantelis.antoniou@konsulko.com"
| #define PACKAGE_URL ""
| #define PACKAGE "libfyaml"
| #define VERSION "0.7.12"
| #define NDEBUG 1
| #define HAVE_STDIO_H 1
| #define HAVE_STDLIB_H 1
| #define HAVE_STRING_H 1
| #define HAVE_INTTYPES_H 1
| #define HAVE_STDINT_H 1
| #define HAVE_STRINGS_H 1
| #define HAVE_SYS_STAT_H 1
| #define HAVE_SYS_TYPES_H 1
| #define HAVE_UNISTD_H 1
| #define HAVE_WCHAR_H 1
| #define STDC_HEADERS 1
| #define _ALL_SOURCE 1
| #define _DARWIN_C_SOURCE 1
| #define _GNU_SOURCE 1
| #define _HPUX_ALT_XOPEN_SOCKET_API 1
| #define _NETBSD_SOURCE 1
| #define _OPENBSD_SOURCE 1
| #define _POSIX_PTHREAD_SEMANTICS 1
| #define __STDC_WANT_IEC_60559_ATTRIBS_EXT__ 1
| #define __STDC_WANT_IEC_60559_BFP_EXT__ 1
| #define __STDC_WANT_IEC_60559_DFP_EXT__ 1
| #define __STDC_WANT_IEC_60559_FUNCS_EXT__ 1
| #define __STDC_WANT_IEC_60559_TYPES_EXT__ 1
| #define __STDC_WANT_LIB_EXT2__ 1
| #define __STDC_WANT_MATH_SPEC_FUNCS__ 1
| #define _TANDEM_SOURCE 1
| #define __EXTENSIONS__ 1
| #define HAVE_PTHREAD_PRIO_INHERIT 1
| #define HAVE_PTHREAD 1
| #define HAVE_DLFCN_H 1
| #define LT_OBJDIR ".libs/"
| #define HAVE_SSIZE_T 1
| /* end confdefs.h.  */
| #include <stddef.h>
| #ifdef HAVE_STDIO_H
| # include <stdio.h>
| #endif
| #ifdef HAVE_STDLIB_H
| # include <stdlib.h>
| #endif
| #ifdef HAVE_STRING_H
| # include <string.h>
| #endif
| #ifdef HAVE_INTTYPES_H
| # include <inttypes.h>
| #endif
| #ifdef HAVE_STDINT_H
| # include <stdint.h>
| #endif
| #ifdef HAVE_STRINGS_H
| # include <strings.h>
| #endif
| #ifdef HAVE_SYS_TYPES_H
| # include <sys/types.h>
| #endif
| #ifdef HAVE_SYS_STAT_H
| # include <sys/stat.h>
| #endif
| #ifdef HAVE_UNISTD_H
| # include <unistd.h>
| #endif
| int
| main (void)
| {
| if (sizeof ((off_t)))
| 	    return 0;
|   ;
|   return 0;
| }
configure:19246: result: yes
configure:19256: checking return type of signal handlers
configure:19275: gcc -c   conftest.c >&5
conftest.c:50:8: error: indirection requires pointer operand ('void' invalid)
return *(signal (0, 0)) (0) == 1;
       ^~~~~~~~~~~~~~~~~~~~
1 error generated.
configure:19275: $? = 1
configure: failed program was:
| /* confdefs.h */
| #define PACKAGE_NAME "libfyaml"
| #define PACKAGE_TARNAME "libfyaml"
| #define PACKAGE_VERSION "0.7.12"
| #define PACKAGE_STRING "libfyaml 0.7.12"
| #define PACKAGE_BUGREPORT "pantelis.antoniou@konsulko.com"
| #define PACKAGE_URL ""
| #define PACKAGE "libfyaml"
| #define VERSION "0.7.12"
| #define NDEBUG 1
| #define HAVE_STDIO_H 1
| #define HAVE_STDLIB_H 1
| #define HAVE_STRING_H 1
| #define HAVE_INTTYPES_H 1
| #define HAVE_STDINT_H 1
| #define HAVE_STRINGS_H 1
| #define HAVE_SYS_STAT_H 1
| #define HAVE_SYS_TYPES_H 1
| #define HAVE_UNISTD_H 1
| #define HAVE_WCHAR_H 1
| #define STDC_HEADERS 1
| #define _ALL_SOURCE 1
| #define _DARWIN_C_SOURCE 1
| #define _GNU_SOURCE 1
| #define _HPUX_ALT_XOPEN_SOCKET_API 1
| #define _NETBSD_SOURCE 1
| #define _OPENBSD_SOURCE 1
| #define _POSIX_PTHREAD_SEMANTICS 1
| #define __STDC_WANT_IEC_60559_ATTRIBS_EXT__ 1
| #define __STDC_WANT_IEC_60559_BFP_EXT__ 1
| #define __STDC_WANT_IEC_60559_DFP_EXT__ 1
| #define __STDC_WANT_IEC_60559_FUNCS_EXT__ 1
| #define __STDC_WANT_IEC_60559_TYPES_EXT__ 1
| #define __STDC_WANT_LIB_EXT2__ 1
| #define __STDC_WANT_MATH_SPEC_FUNCS__ 1
| #define _TANDEM_SOURCE 1
| #define __EXTENSIONS__ 1
| #define HAVE_PTHREAD_PRIO_INHERIT 1
| #define HAVE_PTHREAD 1
| #define HAVE_DLFCN_H 1
| #define LT_OBJDIR ".libs/"
| #define HAVE_SSIZE_T 1
| /* end confdefs.h.  */
| #include <sys/types.h>
| #include <signal.h>
| 
| int
| main (void)
| {
| return *(signal (0, 0)) (0) == 1;
|   ;
|   return 0;
| }
configure:19283: result: void
configure:19289: checking for uid_t in sys/types.h
configure:19310: result: yes
configure:19321: checking for gcc options needed to detect all undeclared functions
configure:19343: gcc -c    conftest.c >&5
conftest.c:49:8: error: implicitly declaring library function 'strchr' with type 'char *(const char *, int)' [-Werror,-Wimplicit-function-declaration]
(void) strchr;
       ^
conftest.c:49:8: note: include the header <string.h> or explicitly provide a declaration for 'strchr'
1 error generated.
configure:19343: $? = 1
configure: failed program was:
| /* confdefs.h */
| #define PACKAGE_NAME "libfyaml"
| #define PACKAGE_TARNAME "libfyaml"
| #define PACKAGE_VERSION "0.7.12"
| #define PACKAGE_STRING "libfyaml 0.7.12"
| #define PACKAGE_BUGREPORT "pantelis.antoniou@konsulko.com"
| #define PACKAGE_URL ""
| #define PACKAGE "libfyaml"
| #define VERSION "0.7.12"
| #define NDEBUG 1
| #define HAVE_STDIO_H 1
| #define HAVE_STDLIB_H 1
| #define HAVE_STRING_H 1
| #define HAVE_INTTYPES_H 1
| #define HAVE_STDINT_H 1
| #define HAVE_STRINGS_H 1
| #define HAVE_SYS_STAT_H 1
| #define HAVE_SYS_TYPES_H 1
| #define HAVE_UNISTD_H 1
| #define HAVE_WCHAR_H 1
| #define STDC_HEADERS 1
| #define _ALL_SOURCE 1
| #define _DARWIN_C_SOURCE 1
| #define _GNU_SOURCE 1
| #define _HPUX_ALT_XOPEN_SOCKET_API 1
| #define _NETBSD_SOURCE 1
| #define _OPENBSD_SOURCE 1
| #define _POSIX_PTHREAD_SEMANTICS 1
| #define __STDC_WANT_IEC_60559_ATTRIBS_EXT__ 1
| #define __STDC_WANT_IEC_60559_BFP_EXT__ 1
| #define __STDC_WANT_IEC_60559_DFP_EXT__ 1
| #define __STDC_WANT_IEC_60559_FUNCS_EXT__ 1
| #define __STDC_WANT_IEC_60559_TYPES_EXT__ 1
| #define __STDC_WANT_LIB_EXT2__ 1
| #define __STDC_WANT_MATH_SPEC_FUNCS__ 1
| #define _TANDEM_SOURCE 1
| #define __EXTENSIONS__ 1
| #define HAVE_PTHREAD_PRIO_INHERIT 1
| #define HAVE_PTHREAD 1
| #define HAVE_DLFCN_H 1
| #define LT_OBJDIR ".libs/"
| #define HAVE_SSIZE_T 1
| #define RETSIGTYPE void
| /* end confdefs.h.  */
| 
| int
| main (void)
| {
| (void) strchr;
|   ;
|   return 0;
| }
configure:19370: gcc -c    conftest.c >&5
configure:19370: $? = 0
configure:19387: result: none needed
configure:19401: checking whether environ is declared
configure:19401: gcc -c    conftest.c >&5
conftest.c:80:10: error: use of undeclared identifier 'environ'; did you mean 'union'?
  (void) environ;
         ^~~~~~~
         union
conftest.c:80:10: error: expected expression
2 errors generated.
configure:19401: $? = 1
configure: failed program was:
| /* confdefs.h */
| #define PACKAGE_NAME "libfyaml"
| #define PACKAGE_TARNAME "libfyaml"
| #define PACKAGE_VERSION "0.7.12"
| #define PACKAGE_STRING "libfyaml 0.7.12"
| #define PACKAGE_BUGREPORT "pantelis.antoniou@konsulko.com"
| #define PACKAGE_URL ""
| #define PACKAGE "libfyaml"
| #define VERSION "0.7.12"
| #define NDEBUG 1
| #define HAVE_STDIO_H 1
| #define HAVE_STDLIB_H 1
| #define HAVE_STRING_H 1
| #define HAVE_INTTYPES_H 1
| #define HAVE_STDINT_H 1
| #define HAVE_STRINGS_H 1
| #define HAVE_SYS_STAT_H 1
| #define HAVE_SYS_TYPES_H 1
| #define HAVE_UNISTD_H 1
| #define HAVE_WCHAR_H 1
| #define STDC_HEADERS 1
| #define _ALL_SOURCE 1
| #define _DARWIN_C_SOURCE 1
| #define _GNU_SOURCE 1
| #define _HPUX_ALT_XOPEN_SOCKET_API 1
| #define _NETBSD_SOURCE 1
| #define _OPENBSD_SOURCE 1
| #define _POSIX_PTHREAD_SEMANTICS 1
| #define __STDC_WANT_IEC_60559_ATTRIBS_EXT__ 1
| #define __STDC_WANT_IEC_60559_BFP_EXT__ 1
| #define __STDC_WANT_IEC_60559_DFP_EXT__ 1
| #define __STDC_WANT_IEC_60559_FUNCS_EXT__ 1
| #define __STDC_WANT_IEC_60559_TYPES_EXT__ 1
| #define __STDC_WANT_LIB_EXT2__ 1
| #define __STDC_WANT_MATH_SPEC_FUNCS__ 1
| #define _TANDEM_SOURCE 1
| #define __EXTENSIONS__ 1
| #define HAVE_PTHREAD_PRIO_INHERIT 1
| #define HAVE_PTHREAD 1
| #define HAVE_DLFCN_H 1
| #define LT_OBJDIR ".libs/"
| #define HAVE_SSIZE_T 1
| #define RETSIGTYPE void
| /* end confdefs.h.  */
| #include <stddef.h>
| #ifdef HAVE_STDIO_H
| # include <stdio.h>
| #endif
| #ifdef HAVE_STDLIB_H
| # include <stdlib.h>
| #endif
| #ifdef HAVE_STRING_H
| # include <string.h>
| #endif
| #ifdef HAVE_INTTYPES_H
| # include <inttypes.h>
| #endif
| #ifdef HAVE_STDINT_H
| # include <stdint.h>
| #endif
| #ifdef HAVE_STRINGS_H
| # include <strings.h>
| #endif
| #ifdef HAVE_SYS_TYPES_H
| # include <sys/types.h>
| #endif
| #ifdef HAVE_SYS_STAT_H
| # include <sys/stat.h>
| #endif
| #ifdef HAVE_UNISTD_H
| # include <unistd.h>
| #endif
| int
| main (void)
| {
| #ifndef environ
| #ifdef __cplusplus
|   (void) environ;
| #else
|   (void) environ;
| #endif
| #endif
| 
|   ;
|   return 0;
| }
configure:19401: result: no
configure:19413: checking whether C compiler accepts -Wall
configure:19433: gcc -c  -pedantic -Werror -Wall  conftest.c >&5
configure:19433: $? = 0
configure:19443: result: yes
configure:19458: : CFLAGS="$CFLAGS $flag"
configure:19461: $? = 0
configure:19413: checking whether C compiler accepts -Wsign-compare
configure:19433: gcc -c  -Wall -pedantic -Werror -Wsign-compare  conftest.c >&5
configure:19433: $? = 0
configure:19443: result: yes
configure:19458: : CFLAGS="$CFLAGS $flag"
configure:19461: $? = 0
configure:19413: checking whether C compiler accepts -Wno-stringop-overflow
configure:19433: gcc -c  -Wall -Wsign-compare -pedantic -Werror -Wno-stringop-overflow  conftest.c >&5
error: unknown warning option '-Wno-stringop-overflow'; did you mean '-Wno-shift-overflow'? [-Werror,-Wunknown-warning-option]
configure:19433: $? = 1
configure: failed program was:
| /* confdefs.h */
| #define PACKAGE_NAME "libfyaml"
| #define PACKAGE_TARNAME "libfyaml"
| #define PACKAGE_VERSION "0.7.12"
| #define PACKAGE_STRING "libfyaml 0.7.12"
| #define PACKAGE_BUGREPORT "pantelis.antoniou@konsulko.com"
| #define PACKAGE_URL ""
| #define PACKAGE "libfyaml"
| #define VERSION "0.7.12"
| #define NDEBUG 1
| #define HAVE_STDIO_H 1
| #define HAVE_STDLIB_H 1
| #define HAVE_STRING_H 1
| #define HAVE_INTTYPES_H 1
| #define HAVE_STDINT_H 1
| #define HAVE_STRINGS_H 1
| #define HAVE_SYS_STAT_H 1
| #define HAVE_SYS_TYPES_H 1
| #define HAVE_UNISTD_H 1
| #define HAVE_WCHAR_H 1
| #define STDC_HEADERS 1
| #define _ALL_SOURCE 1
| #define _DARWIN_C_SOURCE 1
| #define _GNU_SOURCE 1
| #define _HPUX_ALT_XOPEN_SOCKET_API 1
| #define _NETBSD_SOURCE 1
| #define _OPENBSD_SOURCE 1
| #define _POSIX_PTHREAD_SEMANTICS 1
| #define __STDC_WANT_IEC_60559_ATTRIBS_EXT__ 1
| #define __STDC_WANT_IEC_60559_BFP_EXT__ 1
| #define __STDC_WANT_IEC_60559_DFP_EXT__ 1
| #define __STDC_WANT_IEC_60559_FUNCS_EXT__ 1
| #define __STDC_WANT_IEC_60559_TYPES_EXT__ 1
| #define __STDC_WANT_LIB_EXT2__ 1
| #define __STDC_WANT_MATH_SPEC_FUNCS__ 1
| #define _TANDEM_SOURCE 1
| #define __EXTENSIONS__ 1
| #define HAVE_PTHREAD_PRIO_INHERIT 1
| #define HAVE_PTHREAD 1
| #define HAVE_DLFCN_H 1
| #define LT_OBJDIR ".libs/"
| #define HAVE_SSIZE_T 1
| #define RETSIGTYPE void
| #define HAVE_DECL_ENVIRON 0
| /* end confdefs.h.  */
| 
| int
| main (void)
| {
| 
|   ;
|   return 0;
| }
configure:19443: result: no
configure:19481: checking for library containing llrintf
configure:19511: gcc -o conftest  -Wall -Wsign-compare -O2   conftest.c  >&5
conftest.c:50:6: warning: incompatible redeclaration of library function 'llrintf' [-Wincompatible-library-redeclaration]
char llrintf ();
     ^
conftest.c:50:6: note: 'llrintf' is a builtin with type 'long long (float)'
1 warning generated.
configure:19511: $? = 0
configure:19531: result: none required
configure:19544: checking for qsort_r
configure:19544: gcc -o conftest  -Wall -Wsign-compare -O2   conftest.c  >&5
configure:19544: $? = 0
configure:19544: result: yes
configure:19567: checking for  yaml-0.1 
configure:19574: $PKG_CONFIG --exists --print-errors " yaml-0.1 "
configure:19577: $? = 0
configure:19591: $PKG_CONFIG --exists --print-errors " yaml-0.1 "
configure:19594: $? = 0
configure:19632: result: yes
configure:19660: checking for  check 
configure:19667: $PKG_CONFIG --exists --print-errors " check "
Package check was not found in the pkg-config search path.
Perhaps you should add the directory containing `check.pc'
to the PKG_CONFIG_PATH environment variable
No package 'check' found
configure:19670: $? = 1
configure:19684: $PKG_CONFIG --exists --print-errors " check "
Package check was not found in the pkg-config search path.
Perhaps you should add the directory containing `check.pc'
to the PKG_CONFIG_PATH environment variable
No package 'check' found
configure:19687: $? = 1
configure:19701: result: no
No package 'check' found
configure:19830: checking for sphinx-build
configure:19868: result: no
configure:19999: checking for git
configure:20022: found /opt/homebrew/bin/git
configure:20034: result: /opt/homebrew/bin/git
configure:20086: checking for docker
configure:20109: found /usr/local/bin/docker
configure:20121: result: /usr/local/bin/docker
configure:20146: checking for jq
configure:20169: found /opt/homebrew/bin/jq
configure:20181: result: /opt/homebrew/bin/jq
configure:20233: checking for sed
configure:20266: result: /usr/bin/sed
configure:20431: checking that generated files are newer than configure
configure:20437: result: done
configure:20505: creating ./config.status

## ---------------------- ##
## Running config.status. ##
## ---------------------- ##

This file was extended by libfyaml config.status 0.7.12, which was
generated by GNU Autoconf 2.71.  Invocation command line was

  CONFIG_FILES    = 
  CONFIG_HEADERS  = 
  CONFIG_LINKS    = 
  CONFIG_COMMANDS = 
  $ ./config.status 

on Kevins-Mac-Studio.local

config.status:1253: creating build-aux/shave
config.status:1253: creating build-aux/shave-libtool
config.status:1253: creating Makefile
config.status:1253: creating src/Makefile
config.status:1253: creating test/Makefile
config.status:1253: creating doc/Makefile
config.status:1253: creating libfyaml.pc
config.status:1253: creating config.h
config.status:1482: executing depfiles commands
config.status:1559: cd src       && sed -e '/# am--include-marker/d' Makefile         | make -f - am--depfiles
config.status:1564: $? = 0
config.status:1559: cd test       && sed -e '/# am--include-marker/d' Makefile         | make -f - am--depfiles
config.status:1564: $? = 0
config.status:1482: executing libtool commands

## ---------------- ##
## Cache variables. ##
## ---------------- ##

ac_cv_build=aarch64-apple-darwin22.2.0
ac_cv_c_bigendian=no
ac_cv_c_compiler_gnu=yes
ac_cv_c_const=yes
ac_cv_c_undeclared_builtin_options='none needed'
ac_cv_cxx_compiler_gnu=yes
ac_cv_env_CCC_set=
ac_cv_env_CCC_value=
ac_cv_env_CC_set=
ac_cv_env_CC_value=
ac_cv_env_CFLAGS_set=
ac_cv_env_CFLAGS_value=
ac_cv_env_CHECK_CFLAGS_set=
ac_cv_env_CHECK_CFLAGS_value=
ac_cv_env_CHECK_LIBS_set=
ac_cv_env_CHECK_LIBS_value=
ac_cv_env_CPPFLAGS_set=
ac_cv_env_CPPFLAGS_value=
ac_cv_env_CPP_set=
ac_cv_env_CPP_value=
ac_cv_env_CXXCPP_set=
ac_cv_env_CXXCPP_value=
ac_cv_env_CXXFLAGS_set=
ac_cv_env_CXXFLAGS_value=
ac_cv_env_CXX_set=
ac_cv_env_CXX_value=
ac_cv_env_JSONTESTSUITECHECKOUT_set=
ac_cv_env_JSONTESTSUITECHECKOUT_value=
ac_cv_env_JSONTESTSUITEURL_set=
ac_cv_env_JSONTESTSUITEURL_value=
ac_cv_env_LDFLAGS_set=
ac_cv_env_LDFLAGS_value=
ac_cv_env_LIBS_set=
ac_cv_env_LIBS_value=
ac_cv_env_LIBYAML_CFLAGS_set=
ac_cv_env_LIBYAML_CFLAGS_value=
ac_cv_env_LIBYAML_LIBS_set=
ac_cv_env_LIBYAML_LIBS_value=
ac_cv_env_LT_SYS_LIBRARY_PATH_set=
ac_cv_env_LT_SYS_LIBRARY_PATH_value=
ac_cv_env_PKG_CONFIG_LIBDIR_set=
ac_cv_env_PKG_CONFIG_LIBDIR_value=
ac_cv_env_PKG_CONFIG_PATH_set=
ac_cv_env_PKG_CONFIG_PATH_value=
ac_cv_env_PKG_CONFIG_set=
ac_cv_env_PKG_CONFIG_value=
ac_cv_env_TESTSUITECHECKOUT_set=
ac_cv_env_TESTSUITECHECKOUT_value=
ac_cv_env_TESTSUITEURL_set=
ac_cv_env_TESTSUITEURL_value=
ac_cv_env_build_alias_set=
ac_cv_env_build_alias_value=
ac_cv_env_host_alias_set=
ac_cv_env_host_alias_value=
ac_cv_env_target_alias_set=
ac_cv_env_target_alias_value=
ac_cv_func_qsort_r=yes
ac_cv_have_decl_environ=no
ac_cv_header_dlfcn_h=yes
ac_cv_header_inttypes_h=yes
ac_cv_header_minix_config_h=no
ac_cv_header_stdint_h=yes
ac_cv_header_stdio_h=yes
ac_cv_header_stdlib_h=yes
ac_cv_header_string_h=yes
ac_cv_header_strings_h=yes
ac_cv_header_sys_stat_h=yes
ac_cv_header_sys_types_h=yes
ac_cv_header_unistd_h=yes
ac_cv_header_wchar_h=yes
ac_cv_host=aarch64-apple-darwin22.2.0
ac_cv_lib_dl_dlopen=yes
ac_cv_objext=o
ac_cv_path_DOCKER=/usr/local/bin/docker
ac_cv_path_EGREP='/usr/bin/grep -E'
ac_cv_path_FGREP='/usr/bin/grep -F'
ac_cv_path_GIT=/opt/homebrew/bin/git
ac_cv_path_GREP=/usr/bin/grep
ac_cv_path_JQ=/opt/homebrew/bin/jq
ac_cv_path_M4=/usr/bin/m4
ac_cv_path_SED=/usr/bin/sed
ac_cv_path_ac_pt_PKG_CONFIG=/opt/homebrew/bin/pkg-config
ac_cv_path_install='/usr/bin/install -c'
ac_cv_path_lt_DD=/bin/dd
ac_cv_prog_AWK=awk
ac_cv_prog_CPP='gcc -E'
ac_cv_prog_CXXCPP='g++ -E'
ac_cv_prog_SED=/usr/bin/sed
ac_cv_prog_ac_ct_AR=ar
ac_cv_prog_ac_ct_CC=gcc
ac_cv_prog_ac_ct_CXX=g++
ac_cv_prog_ac_ct_DLLTOOL=dlltool
ac_cv_prog_ac_ct_DSYMUTIL=dsymutil
ac_cv_prog_ac_ct_FILECMD=file
ac_cv_prog_ac_ct_LIPO=lipo
ac_cv_prog_ac_ct_NMEDIT=nmedit
ac_cv_prog_ac_ct_OBJDUMP=objdump
ac_cv_prog_ac_ct_OTOOL=otool
ac_cv_prog_ac_ct_RANLIB=ranlib
ac_cv_prog_ac_ct_STRIP=strip
ac_cv_prog_cc_c11=
ac_cv_prog_cc_g=yes
ac_cv_prog_cc_stdc=
ac_cv_prog_cxx_11=no
ac_cv_prog_cxx_g=yes
ac_cv_prog_cxx_stdcxx=
ac_cv_prog_gcc_traditional=no
ac_cv_prog_make_make_set=yes
ac_cv_safe_to_define___extensions__=yes
ac_cv_search_llrintf='none required'
ac_cv_should_define__xopen_source=no
ac_cv_type_off_t=yes
ac_cv_type_pid_t=yes
ac_cv_type_signal=void
ac_cv_type_size_t=yes
ac_cv_type_ssize_t=yes
ac_cv_type_uid_t=yes
am_cv_CC_dependencies_compiler_type=gcc3
am_cv_CXX_dependencies_compiler_type=gcc3
am_cv_ar_interface=ar
am_cv_make_support_nested_variables=yes
am_cv_prog_cc_c_o=yes
ax_cv_PTHREAD_PRIO_INHERIT=yes
ax_cv_check_cflags__pedantic__Werror__Wall=yes
ax_cv_check_cflags__pedantic__Werror__Wno_stringop_overflow=no
ax_cv_check_cflags__pedantic__Werror__Wsign_compare=yes
lt_cv_apple_cc_single_mod=yes
lt_cv_ar_at_file=no
lt_cv_deplibs_check_method=pass_all
lt_cv_dlopen=dlopen
lt_cv_dlopen_libs=-ldl
lt_cv_dlopen_self=yes
lt_cv_dlopen_self_static=yes
lt_cv_file_magic_cmd='$MAGIC_CMD'
lt_cv_file_magic_test_file=
lt_cv_ld_exported_symbols_list=yes
lt_cv_ld_force_load=yes
lt_cv_ld_reload_flag=-r
lt_cv_nm_interface='BSD nm'
lt_cv_objdir=.libs
lt_cv_path_LD=/Applications/Xcode.app/Contents/Developer/Toolchains/XcodeDefault.xctoolchain/usr/bin/ld
lt_cv_path_LDCXX=/Applications/Xcode.app/Contents/Developer/Toolchains/XcodeDefault.xctoolchain/usr/bin/ld
lt_cv_path_NM='/usr/bin/nm -B'
lt_cv_path_mainfest_tool=no
lt_cv_prog_compiler_c_o=yes
lt_cv_prog_compiler_c_o_CXX=yes
lt_cv_prog_compiler_pic='-fno-common -DPIC'
lt_cv_prog_compiler_pic_CXX='-fno-common -DPIC'
lt_cv_prog_compiler_pic_works=yes
lt_cv_prog_compiler_pic_works_CXX=yes
lt_cv_prog_compiler_rtti_exceptions=yes
lt_cv_prog_compiler_static_works=no
lt_cv_prog_compiler_static_works_CXX=no
lt_cv_prog_gnu_ld=no
lt_cv_prog_gnu_ldcxx=no
lt_cv_sharedlib_from_linklib_cmd='printf %s\n'
lt_cv_sys_global_symbol_pipe='/usr/bin/sed -n -e '\''s/^.*[	 ]\([ABCDGIRSTW][ABCDGIRSTW]*\)[	 ][	 ]*_\([_A-Za-z][_A-Za-z0-9]*\)$/\1 _\2 \2/p'\'' | /usr/bin/sed '\''/ __gnu_lto/d'\'''
lt_cv_sys_global_symbol_to_c_name_address='/usr/bin/sed -n -e '\''s/^: \(.*\) .*$/  {"\1", (void *) 0},/p'\'' -e '\''s/^[ABCDGIRSTW][ABCDGIRSTW]* .* \(.*\)$/  {"\1", (void *) \&\1},/p'\'''
lt_cv_sys_global_symbol_to_c_name_address_lib_prefix='/usr/bin/sed -n -e '\''s/^: \(.*\) .*$/  {"\1", (void *) 0},/p'\'' -e '\''s/^[ABCDGIRSTW][ABCDGIRSTW]* .* \(lib.*\)$/  {"\1", (void *) \&\1},/p'\'' -e '\''s/^[ABCDGIRSTW][ABCDGIRSTW]* .* \(.*\)$/  {"lib\1", (void *) \&\1},/p'\'''
lt_cv_sys_global_symbol_to_cdecl='/usr/bin/sed -n -e '\''s/^T .* \(.*\)$/extern int \1();/p'\'' -e '\''s/^[ABCDGIRSTW][ABCDGIRSTW]* .* \(.*\)$/extern char \1;/p'\'''
lt_cv_sys_global_symbol_to_import=
lt_cv_sys_max_cmd_len=786432
lt_cv_to_host_file_cmd=func_convert_file_noop
lt_cv_to_tool_file_cmd=func_convert_file_noop
lt_cv_truncate_bin='/bin/dd bs=4096 count=1'
pkg_cv_LIBYAML_CFLAGS=-I/opt/homebrew/Cellar/libyaml/0.2.5/include
pkg_cv_LIBYAML_LIBS='-L/opt/homebrew/Cellar/libyaml/0.2.5/lib -lyaml'

## ----------------- ##
## Output variables. ##
## ----------------- ##

ACLOCAL='${SHELL} '\''/Users/kdubb/Projects/outfoxx/PotentCodables/Sources/Cfyaml/build-aux/missing'\'' aclocal-1.16'
ACLOCAL_AMFLAGS='-I m4'
AMDEPBACKSLASH='\'
AMDEP_FALSE='#'
AMDEP_TRUE=''
AMTAR='$${TAR-tar}'
AM_BACKSLASH='\'
AM_DEFAULT_V='$(AM_DEFAULT_VERBOSITY)'
AM_DEFAULT_VERBOSITY='1'
AM_MAKEFLAGS='`test -z $V && echo -s`'
AM_V='$(V)'
AR='ar'
AS='as'
AUTOCONF='${SHELL} '\''/Users/kdubb/Projects/outfoxx/PotentCodables/Sources/Cfyaml/build-aux/missing'\'' autoconf'
AUTOHEADER='${SHELL} '\''/Users/kdubb/Projects/outfoxx/PotentCodables/Sources/Cfyaml/build-aux/missing'\'' autoheader'
AUTOMAKE='${SHELL} '\''/Users/kdubb/Projects/outfoxx/PotentCodables/Sources/Cfyaml/build-aux/missing'\'' automake-1.16'
AWK='awk'
CC='/bin/sh /Users/kdubb/Projects/outfoxx/PotentCodables/Sources/Cfyaml/build-aux/shave cc gcc'
CCAS='/bin/sh /Users/kdubb/Projects/outfoxx/PotentCodables/Sources/Cfyaml/build-aux/shave ccas '
CCDEPMODE='depmode=gcc3'
CFLAGS=' -Wall -Wsign-compare -O2'
CHECK_CFLAGS=''
CHECK_LDFLAGS=''
CHECK_LIBS=''
CPP='gcc -E'
CPPFLAGS=''
CSCOPE='cscope'
CTAGS='ctags'
CXX='/bin/sh /Users/kdubb/Projects/outfoxx/PotentCodables/Sources/Cfyaml/build-aux/shave cxx g++'
CXXCPP='g++ -E'
CXXDEPMODE='depmode=gcc3'
CXXFLAGS=''
CYGPATH_W='echo'
DEFS='-DHAVE_CONFIG_H'
DEPDIR='.deps'
DLLTOOL='dlltool'
DOCKER='/usr/local/bin/docker'
DSYMUTIL='dsymutil'
DUMPBIN=''
ECHO_C='\c'
ECHO_N=''
ECHO_T=''
EGREP='/usr/bin/grep -E'
ETAGS='etags'
EXEEXT=''
EXTRA=''
F77='/bin/sh /Users/kdubb/Projects/outfoxx/PotentCodables/Sources/Cfyaml/build-aux/shave f77 '
FC='/bin/sh /Users/kdubb/Projects/outfoxx/PotentCodables/Sources/Cfyaml/build-aux/shave fc '
FGREP='/usr/bin/grep -F'
FILECMD='file'
GIT='/opt/homebrew/bin/git'
GREP='/usr/bin/grep'
HAVE_CHECK='0'
HAVE_CHECK_FALSE=''
HAVE_CHECK_TRUE='#'
HAVE_COMPATIBLE_CHECK='0'
HAVE_COMPATIBLE_CHECK_FALSE=''
HAVE_COMPATIBLE_CHECK_TRUE='#'
HAVE_DEVMODE='1'
HAVE_DEVMODE_FALSE='#'
HAVE_DEVMODE_TRUE=''
HAVE_DOCKER_FALSE='#'
HAVE_DOCKER_TRUE=''
HAVE_GIT_FALSE='#'
HAVE_GIT_TRUE=''
HAVE_JQ_FALSE='#'
HAVE_JQ_TRUE=''
HAVE_LIBYAML='1'
HAVE_LIBYAML_FALSE='#'
HAVE_LIBYAML_TRUE=''
HAVE_NETWORK='1'
HAVE_NETWORK_FALSE='#'
HAVE_NETWORK_TRUE=''
HAVE_QSORT_R='1'
HAVE_QSORT_R_FALSE='#'
HAVE_QSORT_R_TRUE=''
HAVE_SPHINX_FALSE=''
HAVE_SPHINX_TRUE='#'
INCLTDL='-I$(top_srcdir)/libltdl'
INSTALL_DATA='${INSTALL} -m 644'
INSTALL_PROGRAM='${INSTALL}'
INSTALL_SCRIPT='${INSTALL}'
INSTALL_STRIP_PROGRAM='$(install_sh) -c -s'
JQ='/opt/homebrew/bin/jq'
JSONTESTSUITECHECKOUT='d64aefb55228d9584d3e5b2433f720ea8fd00c82'
JSONTESTSUITEURL='https://github.com/nst/JSONTestSuite'
LD='/Applications/Xcode.app/Contents/Developer/Toolchains/XcodeDefault.xctoolchain/usr/bin/ld'
LDFLAGS=''
LEX='/bin/sh /Users/kdubb/Projects/outfoxx/PotentCodables/Sources/Cfyaml/build-aux/shave lex '
LIBLTDL='$(top_build_prefix)libltdl/libltdl.la'
LIBOBJS=''
LIBS=''
LIBTOOL='/bin/sh /Users/kdubb/Projects/outfoxx/PotentCodables/Sources/Cfyaml/build-aux/shave-libtool '\''$(SHELL) $(top_builddir)/libtool'\'''
LIBTOOL_VERSION='1:2:0'
LIBYAML_CFLAGS='-I/opt/homebrew/Cellar/libyaml/0.2.5/include'
LIBYAML_LIBS='-L/opt/homebrew/Cellar/libyaml/0.2.5/lib -lyaml'
LIPO='lipo'
LN_S='ln -s'
LTDLDEPS='$(top_build_prefix)libltdl/libltdl.la'
LTDLINCL='-I$(top_srcdir)/libltdl'
LTLIBOBJS=''
LT_SYS_LIBRARY_PATH=''
M4='/usr/bin/m4'
MAJOR='0'
MAKEFLAGS='-s'
MAKEINFO='${SHELL} '\''/Users/kdubb/Projects/outfoxx/PotentCodables/Sources/Cfyaml/build-aux/missing'\'' makeinfo'
MANIFEST_TOOL=':'
MCS='/bin/sh /Users/kdubb/Projects/outfoxx/PotentCodables/Sources/Cfyaml/build-aux/shave mcs '
MINOR='7'
MKDIR_P='./build-aux/install-sh -c -d'
NM='/usr/bin/nm -B'
NMEDIT='nmedit'
OBJC='/bin/sh /Users/kdubb/Projects/outfoxx/PotentCodables/Sources/Cfyaml/build-aux/shave objc '
OBJDUMP='objdump'
OBJEXT='o'
OTOOL64=':'
OTOOL='otool'
PACKAGE='libfyaml'
PACKAGE_BUGREPORT='pantelis.antoniou@konsulko.com'
PACKAGE_NAME='libfyaml'
PACKAGE_STRING='libfyaml 0.7.12'
PACKAGE_TARNAME='libfyaml'
PACKAGE_URL=''
PACKAGE_VERSION='0.7.12'
PATCH='12'
PATH_SEPARATOR=':'
PIP3=''
PKG_CONFIG='/opt/homebrew/bin/pkg-config'
PKG_CONFIG_LIBDIR=''
PKG_CONFIG_PATH=''
PTHREAD_CC='gcc'
PTHREAD_CFLAGS='-D_THREAD_SAFE -pthread'
PTHREAD_LIBS=''
Q='$(V:1=)'
RANLIB='ranlib'
SED='/usr/bin/sed'
SET_MAKE=''
SHELL='/bin/sh'
SPHINX=''
STRIP='strip'
TESTSUITECHECKOUT='6e6c296ae9c9d2d5c4134b4b64d01b29ac19ff6f'
TESTSUITEURL='https://github.com/yaml/yaml-test-suite'
V='@'
VERSION='0.7.12'
YACC='/bin/sh /Users/kdubb/Projects/outfoxx/PotentCodables/Sources/Cfyaml/build-aux/shave yacc '
ac_ct_AR='ar'
ac_ct_CC='gcc'
ac_ct_CXX='g++'
ac_ct_DUMPBIN=''
am__EXEEXT_FALSE=''
am__EXEEXT_TRUE='#'
am__fastdepCC_FALSE='#'
am__fastdepCC_TRUE=''
am__fastdepCXX_FALSE='#'
am__fastdepCXX_TRUE=''
am__include='include'
am__isrc=''
am__leading_dot='.'
am__nodep='_no'
am__quote=''
am__tar='$${TAR-tar} chof - "$$tardir"'
am__untar='$${TAR-tar} xf -'
ax_pthread_config=''
bindir='${exec_prefix}/bin'
build='aarch64-apple-darwin22.2.0'
build_alias=''
build_cpu='aarch64'
build_os='darwin22.2.0'
build_vendor='apple'
datadir='${datarootdir}'
datarootdir='${prefix}/share'
docdir='${datarootdir}/doc/${PACKAGE_TARNAME}'
dvidir='${docdir}'
exec_prefix='${prefix}'
host='aarch64-apple-darwin22.2.0'
host_alias=''
host_cpu='aarch64'
host_os='darwin22.2.0'
host_vendor='apple'
htmldir='${docdir}'
includedir='${prefix}/include'
infodir='${datarootdir}/info'
install_sh='${SHELL} /Users/kdubb/Projects/outfoxx/PotentCodables/Sources/Cfyaml/build-aux/install-sh'
libdir='${exec_prefix}/lib'
libexecdir='${exec_prefix}/libexec'
localedir='${datarootdir}/locale'
localstatedir='${prefix}/var'
mandir='${datarootdir}/man'
mkdir_p='$(MKDIR_P)'
oldincludedir='/usr/include'
pdfdir='${docdir}'
prefix='/usr/local'
program_transform_name='s,x,x,'
psdir='${docdir}'
runstatedir='${localstatedir}/run'
sbindir='${exec_prefix}/sbin'
sharedstatedir='${prefix}/com'
shavedir='/Users/kdubb/Projects/outfoxx/PotentCodables/Sources/Cfyaml/build-aux'
subdirs=' libltdl'
sysconfdir='${prefix}/etc'
target_alias=''

## ----------- ##
## confdefs.h. ##
## ----------- ##

/* confdefs.h */
#define PACKAGE_NAME "libfyaml"
#define PACKAGE_TARNAME "libfyaml"
#define PACKAGE_VERSION "0.7.12"
#define PACKAGE_STRING "libfyaml 0.7.12"
#define PACKAGE_BUGREPORT "pantelis.antoniou@konsulko.com"
#define PACKAGE_URL ""
#define PACKAGE "libfyaml"
#define VERSION "0.7.12"
#define NDEBUG 1
#define HAVE_STDIO_H 1
#define HAVE_STDLIB_H 1
#define HAVE_STRING_H 1
#define HAVE_INTTYPES_H 1
#define HAVE_STDINT_H 1
#define HAVE_STRINGS_H 1
#define HAVE_SYS_STAT_H 1
#define HAVE_SYS_TYPES_H 1
#define HAVE_UNISTD_H 1
#define HAVE_WCHAR_H 1
#define STDC_HEADERS 1
#define _ALL_SOURCE 1
#define _DARWIN_C_SOURCE 1
#define _GNU_SOURCE 1
#define _HPUX_ALT_XOPEN_SOCKET_API 1
#define _NETBSD_SOURCE 1
#define _OPENBSD_SOURCE 1
#define _POSIX_PTHREAD_SEMANTICS 1
#define __STDC_WANT_IEC_60559_ATTRIBS_EXT__ 1
#define __STDC_WANT_IEC_60559_BFP_EXT__ 1
#define __STDC_WANT_IEC_60559_DFP_EXT__ 1
#define __STDC_WANT_IEC_60559_FUNCS_EXT__ 1
#define __STDC_WANT_IEC_60559_TYPES_EXT__ 1
#define __STDC_WANT_LIB_EXT2__ 1
#define __STDC_WANT_MATH_SPEC_FUNCS__ 1
#define _TANDEM_SOURCE 1
#define __EXTENSIONS__ 1
#define HAVE_PTHREAD_PRIO_INHERIT 1
#define HAVE_PTHREAD 1
#define HAVE_DLFCN_H 1
#define LT_OBJDIR ".libs/"
#define HAVE_SSIZE_T 1
#define RETSIGTYPE void
#define HAVE_DECL_ENVIRON 0
#define HAVE_QSORT_R 1
#define HAVE_LIBYAML 1
#define HAVE_CHECK 0
#define HAVE_COMPATIBLE_CHECK 0
#define HAVE_DEVMODE 1
#define HAVE_SPHINX 0
#define HAVE_GIT 1
#define HAVE_JQ 1

configure: exit 0
